QDT4C18104000209 : 10-10 21:54:18.438 18937 18937 I com.amazon.device.crashmanager.CrashDetectionHelper: Installing crash detector as default exception handler.
QDT4C18104000209 : 10-10 21:54:18.444 18937 18969 I com.amazon.device.crashmanager.CrashDetectionHelper: Skipping crash report upload. WiFi/Ethernet is not connected AND upload over WAN is not allowed
QDT4C18104000209 : 10-10 21:54:18.770 18937 18937 I AmazonBooksAndroidModule: Initializing Amazon Books ContentDecorator...
QDT4C18104000209 : 10-10 21:54:19.175 18937 19036 I ...h.device.api.MAPInit: Initializing MAP (130050002 / MAPAndroidLib-1.1.211498.0) for app com.amazon.mShop.android.shopping. MAP release version: 20190628P1
QDT4C18104000209 : 10-10 21:54:19.200 18937 19036 I ...ntity.auth.device.gt: Cannot find amazon authenticator. returning null
QDT4C18104000209 : 10-10 21:54:19.204 18937 19036 I ...ntity.auth.device.gt: Cannot find amazon authenticator. returning null
QDT4C18104000209 : 10-10 21:54:19.218 18937 18937 W ExternalImplementationProvider: com.amazon.mShop.autorefresh.AutoAppRefresherImpl is not available in this build
QDT4C18104000209 : 10-10 21:54:19.218 18937 18937 W ExternalImplementationProvider: java.lang.ClassNotFoundException: com.amazon.mShop.autorefresh.AutoAppRefresherImpl
QDT4C18104000209 : 10-10 21:54:19.218 18937 18937 W ExternalImplementationProvider: 	at com.amazon.mShop.autorefresh.utils.ExternalImplementationProvider.queryForImplementationInBuild(ExternalImplementationProvider.java:106)
QDT4C18104000209 : 10-10 21:54:19.218 18937 18937 W ExternalImplementationProvider: 	at com.amazon.mShop.autorefresh.utils.ExternalImplementationProvider.<init>(ExternalImplementationProvider.java:66)
QDT4C18104000209 : 10-10 21:54:19.218 18937 18937 W ExternalImplementationProvider: 	at com.amazon.mShop.autorefresh.utils.AutoAppRefreshProvider.<init>(AutoAppRefreshProvider.java:44)
QDT4C18104000209 : 10-10 21:54:19.218 18937 18937 W ExternalImplementationProvider: 	at com.amazon.mShop.autorefresh.utils.AutoAppRefreshProvider$AutoAppRefreshHolder.<clinit>(AutoAppRefreshProvider.java:36)
QDT4C18104000209 : 10-10 21:54:19.218 18937 18937 W ExternalImplementationProvider: 	at com.amazon.mShop.autorefresh.utils.AutoAppRefreshProvider$AutoAppRefreshHolder.access$000(AutoAppRefreshProvider.java:35)
QDT4C18104000209 : 10-10 21:54:19.218 18937 18937 W ExternalImplementationProvider: 	at com.amazon.mShop.autorefresh.utils.AutoAppRefreshProvider.getInstance(AutoAppRefreshProvider.java:29)
QDT4C18104000209 : 10-10 21:54:19.218 18937 18937 W ExternalImplementationProvider: 	at com.amazon.mShop.autorefresh.utils.AutoAppRefreshProviderUtil.getOptionalAutoAppRefreshInstance(AutoAppRefreshProviderUtil.java:24)
QDT4C18104000209 : 10-10 21:54:19.218 18937 18937 W ExternalImplementationProvider: 	at com.amazon.mShop.AmazonApplication.onCreate(AmazonApplication.java:213)
QDT4C18104000209 : 10-10 21:54:19.218 18937 18937 W ExternalImplementationProvider: 	at com.amazon.mShop.MShopApplication.onCreate(MShopApplication.java:156)
QDT4C18104000209 : 10-10 21:54:19.218 18937 18937 W ExternalImplementationProvider: Caused by: java.lang.ClassNotFoundException: Didn't find class "com.amazon.mShop.autorefresh.AutoAppRefresherImpl" on path: DexPathList[[zip file "/system/framework/com.google.android.maps.jar", zip file "/data/app/com.amazon.mShop.android.shopping-1/base.apk"],nativeLibraryDirectories=[/data/app/com.amazon.mShop.android.shopping-1/lib/arm, /data/app/com.amazon.mShop.android.shopping-1/base.apk!/lib/armeabi-v7a, /system/lib, /vendor/lib, /system/vendor/lib, /product/lib]]
QDT4C18104000209 : 10-10 21:54:19.219 18937 18937 W DeviceMetricsLoggerProvider: java.lang.ClassNotFoundException: com.amazon.mShop.devicemetricslogging.DeviceMetricsLoggerImpl
QDT4C18104000209 : 10-10 21:54:19.219 18937 18937 W DeviceMetricsLoggerProvider: 	at com.amazon.mShop.devicemetricslogging.utils.DeviceMetricsLoggerProvider.queryForDeviceMetricsLoggerInBuild(DeviceMetricsLoggerProvider.java:84)
QDT4C18104000209 : 10-10 21:54:19.219 18937 18937 W DeviceMetricsLoggerProvider: 	at com.amazon.mShop.devicemetricslogging.utils.DeviceMetricsLoggerProvider.<init>(DeviceMetricsLoggerProvider.java:58)
QDT4C18104000209 : 10-10 21:54:19.219 18937 18937 W DeviceMetricsLoggerProvider: 	at com.amazon.mShop.devicemetricslogging.utils.DeviceMetricsLoggerProvider.<init>(DeviceMetricsLoggerProvider.java:11)
QDT4C18104000209 : 10-10 21:54:19.219 18937 18937 W DeviceMetricsLoggerProvider: 	at com.amazon.mShop.devicemetricslogging.utils.DeviceMetricsLoggerProvider$DeviceMetricsLoggerSingletonHolder.<clinit>(DeviceMetricsLoggerProvider.java:38)
QDT4C18104000209 : 10-10 21:54:19.219 18937 18937 W DeviceMetricsLoggerProvider: 	at com.amazon.mShop.devicemetricslogging.utils.DeviceMetricsLoggerProvider$DeviceMetricsLoggerSingletonHolder.access$100(DeviceMetricsLoggerProvider.java:37)
QDT4C18104000209 : 10-10 21:54:19.219 18937 18937 W DeviceMetricsLoggerProvider: 	at com.amazon.mShop.devicemetricslogging.utils.DeviceMetricsLoggerProvider.getInstance(DeviceMetricsLoggerProvider.java:47)
QDT4C18104000209 : 10-10 21:54:19.219 18937 18937 W DeviceMetricsLoggerProvider: 	at com.amazon.mShop.devicemetricslogging.utils.DeviceMetricsLoggerUtil.getOptionalDeviceMetricsLoggerInstance(DeviceMetricsLoggerUtil.java:30)
QDT4C18104000209 : 10-10 21:54:19.219 18937 18937 W DeviceMetricsLoggerProvider: 	at com.amazon.mShop.AmazonApplication.onCreate(AmazonApplication.java:219)
QDT4C18104000209 : 10-10 21:54:19.219 18937 18937 W DeviceMetricsLoggerProvider: 	at com.amazon.mShop.MShopApplication.onCreate(MShopApplication.java:156)
QDT4C18104000209 : 10-10 21:54:19.219 18937 18937 W DeviceMetricsLoggerProvider: Caused by: java.lang.ClassNotFoundException: Didn't find class "com.amazon.mShop.devicemetricslogging.DeviceMetricsLoggerImpl" on path: DexPathList[[zip file "/system/framework/com.google.android.maps.jar", zip file "/data/app/com.amazon.mShop.android.shopping-1/base.apk"],nativeLibraryDirectories=[/data/app/com.amazon.mShop.android.shopping-1/lib/arm, /data/app/com.amazon.mShop.android.shopping-1/base.apk!/lib/armeabi-v7a, /system/lib, /vendor/lib, /system/vendor/lib, /product/lib]]
QDT4C18104000209 : 10-10 21:54:19.250 18937 19030 E ProvidedOAuthMetricsTransport: 	at com.amazon.mShop.metrics.dcm.DcmOAuthHelper.getAccessToken(DcmOAuthHelper.java:24)
QDT4C18104000209 : 10-10 21:54:19.250 18937 19030 E ProvidedOAuthMetricsTransport: 	at com.amazon.client.metrics.thirdparty.BaseMetricsServiceFactory$DelegatingOAuthHelper.getAccessToken(BaseMetricsServiceFactory.java:542)
QDT4C18104000209 : 10-10 21:54:19.250 18937 19030 E ProvidedOAuthMetricsTransport: 	at com.amazon.client.metrics.thirdparty.transport.ProvidedOAuthMetricsTransport.signRequest(ProvidedOAuthMetricsTransport.java:37)
QDT4C18104000209 : 10-10 21:54:19.250 18937 19030 E ProvidedOAuthMetricsTransport: 	at com.amazon.client.metrics.thirdparty.transport.AbstractHTTPMetricsTransport.attemptTransmit(AbstractHTTPMetricsTransport.java:130)
QDT4C18104000209 : 10-10 21:54:19.250 18937 19030 E ProvidedOAuthMetricsTransport: 	at com.amazon.client.metrics.thirdparty.transport.AbstractHTTPMetricsTransport.transmit(AbstractHTTPMetricsTransport.java:79)
QDT4C18104000209 : 10-10 21:54:19.250 18937 19030 E ProvidedOAuthMetricsTransport: 	at com.amazon.client.metrics.thirdparty.batch.transmitter.BatchTransmitter$QueuePusher.transmitBatch(BatchTransmitter.java:252)
QDT4C18104000209 : 10-10 21:54:19.250 18937 19030 E ProvidedOAuthMetricsTransport: 	at com.amazon.client.metrics.thirdparty.batch.transmitter.BatchTransmitter$QueuePusher.sendBatches(BatchTransmitter.java:180)
QDT4C18104000209 : 10-10 21:54:19.250 18937 19030 E ProvidedOAuthMetricsTransport: 	at com.amazon.client.metrics.thirdparty.batch.transmitter.BatchTransmitter$QueuePusher.run(BatchTransmitter.java:138)
QDT4C18104000209 : 10-10 21:54:29.295  2991  3114 I HwLauncher: SimpleAllAppsList  updatePackage : package[com.amazon.mShop.android.shopping] matched activity's size is 1 and data List size is 0
QDT4C18104000209 : 10-10 21:54:29.300  2991  3114 I HwLauncher: SimpleAllAppsList  findAndUpdateInfoInDB : found 0 shortcutInfo for package[com.amazon.mShop.android.shopping] in db
QDT4C18104000209 : 10-10 21:54:29.300  2991  3114 I HwLauncher: SimpleAllAppsList  updatePackage do not add new SimpleApplicationInfo,It's in normal now. package = com.amazon.mShop.android.shopping
QDT4C18104000209 : 10-10 21:54:29.503  2991  2991 I HwLauncher: Model onPackageChanged packageName = com.amazon.mShop.android.shopping user = UserHandle{0}
QDT4C18104000209 : 10-10 21:54:29.503  2991  2991 I HwLauncher: PowerSaveLauncherModel onPackageChanged packageName = com.amazon.mShop.android.shopping user = UserHandle{0}
QDT4C18104000209 : 10-10 21:54:29.505  2991  3110 I HwLauncher: AllIdleAppsList  updatePackage : package[com.amazon.mShop.android.shopping] matched activity's size is 1 and data List size is 49
QDT4C18104000209 : 10-10 21:54:29.514  2991  3110 I HwResourcesImpl: load icon id : 7f0200b1, pkgName : com.amazon.mShop.android.shopping
QDT4C18104000209 : 10-10 21:54:29.514  2991  3110 I HwResourcesImpl: icon : com.amazon.mShop.android.shopping found in app
QDT4C18104000209 : 10-10 21:57:18.879 19297 19297 I appproc : Command=app_process /system/bin com.android.commands.pm.Pm list packages com.amazon.mShop.android.shopping 
QDT4C18104000209 : 10-10 21:57:21.145  1838  1993 I AppBlackWhitelist: Standby unprotected apps: [com.android.gallery3d, com.android.mediacenter, com.huawei.camera, com.huawei.hidisk, com.google.android.apps.docs.editors.docs, com.google.android.play.games, com.truecaller, com.google.android.apps.magazines, com.google.android.instantapps.supervisor, com.google.android.apps.docs.editors.sheets, com.google.android.apps.nbu.files, com.google.android.apps.docs.editors.slides, com.whatsapp, ai.agusibrahim.xhrlog, com.clear.data, com.amazon.mShop.android.shopping, io.appium.settings]
QDT4C18104000209 : 10-10 21:57:25.960  1838  1993 I AppBlackWhitelist: Clean protected apps: [com.truecaller, com.whatsapp, com.google.android.apps.books, com.huawei.KoBackup, ai.agusibrahim.xhrlog, com.clear.data, com.amazon.mShop.android.shopping, io.appium.settings]
QDT4C18104000209 : 10-10 21:57:49.172 19547 19547 I appproc : Command=app_process /system/bin com.android.commands.am.Am force-stop com.amazon.mShop.android.shopping 
QDT4C18104000209 : 10-10 21:57:49.925 19557 19557 I appproc : Command=app_process /system/bin com.android.commands.pm.Pm clear com.amazon.mShop.android.shopping 
QDT4C18104000209 : 10-10 21:57:50.129  2991  2991 I HwLauncher: Model  onReceive intent=Intent { act=android.intent.action.PACKAGE_DATA_CLEARED dat=package:com.amazon.mShop.android.shopping flg=0x10 (has extras) }
QDT4C18104000209 : 10-10 21:57:50.131  2201  2201 I GeofencerStateMachine: removeGeofences: removeRequest=RemoveGeofencingRequest[REMOVE_ALL packageName=com.amazon.mShop.android.shopping]
QDT4C18104000209 : 10-10 21:57:50.132  2991  2991 I HwLauncher: Model  ACTION_PACKAGE_DATA_CLEARED pkg = com.amazon.mShop.android.shopping, op = 0
QDT4C18104000209 : 10-10 21:57:50.132  2991  2991 I HwLauncher: PowerSaveLauncherModel  onReceive intent=Intent { act=android.intent.action.PACKAGE_DATA_CLEARED dat=package:com.amazon.mShop.android.shopping flg=0x10 (has extras) }
QDT4C18104000209 : 10-10 21:57:50.176  2991  2991 I HwLauncher: Model  onReceive intent=Intent { act=android.intent.action.PACKAGE_DATA_CLEARED dat=package:com.amazon.mShop.android.shopping flg=0x10 (has extras) }
QDT4C18104000209 : 10-10 21:57:50.176  2991  2991 I HwLauncher: Model  ACTION_PACKAGE_DATA_CLEARED pkg = com.amazon.mShop.android.shopping, op = 0
QDT4C18104000209 : 10-10 21:57:50.176  2991  2991 I HwLauncher: PowerSaveLauncherModel  onReceive intent=Intent { act=android.intent.action.PACKAGE_DATA_CLEARED dat=package:com.amazon.mShop.android.shopping flg=0x10 (has extras) }
QDT4C18104000209 : 10-10 21:57:50.176  2201  2201 I GeofencerStateMachine: removeGeofences: removeRequest=RemoveGeofencingRequest[REMOVE_ALL packageName=com.amazon.mShop.android.shopping]
QDT4C18104000209 : 10-10 21:57:50.403  2645  6875 I Icing   : doRemovePackageData com.amazon.mShop.android.shopping
QDT4C18104000209 : 10-10 21:57:50.562  2645  6875 I Icing   : doRemovePackageData com.amazon.mShop.android.shopping
QDT4C18104000209 : 10-10 21:57:51.146 19616 19616 I appproc : Command=app_process /system/bin com.android.commands.uiautomator.Launcher runtest -c io.appium.android.bootstrap.Bootstrap -e pkg com.amazon.mShop.android.shopping -e disableAndroidWatchers false -e acceptSslCerts false -e jars :/data/local/tmp/AppiumBootstrap.jar 
QDT4C18104000209 : 10-10 21:57:52.999 19726 19726 I appproc : Command=app_process /system/bin com.android.commands.am.Am start -W -n com.amazon.mShop.android.shopping/com.amazon.mShop.home.HomeActivity -S 
QDT4C18104000209 : 10-10 21:57:53.491  1838  2162 I PGServer: report state:10000 event type:1 pid:0 uid:0 pkg:com.amazon.mShop.android.shopping to pid: 1838
QDT4C18104000209 : 10-10 21:57:53.491  1838  2162 I SceneReceiver: state type: 10000 eventType:1 pid:0 uid:0 pkg:com.amazon.mShop.android.shopping
QDT4C18104000209 : 10-10 21:57:53.571 19737 19737 I com.amazon.device.crashmanager.CrashDetectionHelper: Installing crash detector as default exception handler.
QDT4C18104000209 : 10-10 21:57:53.572 19737 19756 I com.amazon.device.crashmanager.CrashDetectionHelper: Skipping crash report upload. WiFi/Ethernet is not connected AND upload over WAN is not allowed
QDT4C18104000209 : 10-10 21:57:53.750 19737 19737 I AmazonBooksAndroidModule: Initializing Amazon Books ContentDecorator...
QDT4C18104000209 : 10-10 21:57:54.012 19737 19804 I ...h.device.api.MAPInit: Initializing MAP (130050002 / MAPAndroidLib-1.1.211498.0) for app com.amazon.mShop.android.shopping. MAP release version: 20190628P1
QDT4C18104000209 : 10-10 21:57:54.029 19737 19804 I ...ntity.auth.device.gt: Cannot find amazon authenticator. returning null
QDT4C18104000209 : 10-10 21:57:54.033 19737 19804 I ...ntity.auth.device.gt: Cannot find amazon authenticator. returning null
QDT4C18104000209 : 10-10 21:57:54.060 19737 19737 W ExternalImplementationProvider: com.amazon.mShop.autorefresh.AutoAppRefresherImpl is not available in this build
QDT4C18104000209 : 10-10 21:57:54.060 19737 19737 W ExternalImplementationProvider: java.lang.ClassNotFoundException: com.amazon.mShop.autorefresh.AutoAppRefresherImpl
QDT4C18104000209 : 10-10 21:57:54.060 19737 19737 W ExternalImplementationProvider: 	at com.amazon.mShop.autorefresh.utils.ExternalImplementationProvider.queryForImplementationInBuild(ExternalImplementationProvider.java:106)
QDT4C18104000209 : 10-10 21:57:54.060 19737 19737 W ExternalImplementationProvider: 	at com.amazon.mShop.autorefresh.utils.ExternalImplementationProvider.<init>(ExternalImplementationProvider.java:66)
QDT4C18104000209 : 10-10 21:57:54.060 19737 19737 W ExternalImplementationProvider: 	at com.amazon.mShop.autorefresh.utils.AutoAppRefreshProvider.<init>(AutoAppRefreshProvider.java:44)
QDT4C18104000209 : 10-10 21:57:54.060 19737 19737 W ExternalImplementationProvider: 	at com.amazon.mShop.autorefresh.utils.AutoAppRefreshProvider$AutoAppRefreshHolder.<clinit>(AutoAppRefreshProvider.java:36)
QDT4C18104000209 : 10-10 21:57:54.060 19737 19737 W ExternalImplementationProvider: 	at com.amazon.mShop.autorefresh.utils.AutoAppRefreshProvider$AutoAppRefreshHolder.access$000(AutoAppRefreshProvider.java:35)
QDT4C18104000209 : 10-10 21:57:54.060 19737 19737 W ExternalImplementationProvider: 	at com.amazon.mShop.autorefresh.utils.AutoAppRefreshProvider.getInstance(AutoAppRefreshProvider.java:29)
QDT4C18104000209 : 10-10 21:57:54.060 19737 19737 W ExternalImplementationProvider: 	at com.amazon.mShop.autorefresh.utils.AutoAppRefreshProviderUtil.getOptionalAutoAppRefreshInstance(AutoAppRefreshProviderUtil.java:24)
QDT4C18104000209 : 10-10 21:57:54.060 19737 19737 W ExternalImplementationProvider: 	at com.amazon.mShop.AmazonApplication.onCreate(AmazonApplication.java:213)
QDT4C18104000209 : 10-10 21:57:54.060 19737 19737 W ExternalImplementationProvider: 	at com.amazon.mShop.MShopApplication.onCreate(MShopApplication.java:156)
QDT4C18104000209 : 10-10 21:57:54.060 19737 19737 W ExternalImplementationProvider: Caused by: java.lang.ClassNotFoundException: Didn't find class "com.amazon.mShop.autorefresh.AutoAppRefresherImpl" on path: DexPathList[[zip file "/system/framework/com.google.android.maps.jar", zip file "/data/app/com.amazon.mShop.android.shopping-1/base.apk"],nativeLibraryDirectories=[/data/app/com.amazon.mShop.android.shopping-1/lib/arm, /data/app/com.amazon.mShop.android.shopping-1/base.apk!/lib/armeabi-v7a, /system/lib, /vendor/lib, /system/vendor/lib, /product/lib]]
QDT4C18104000209 : 10-10 21:57:54.063 19737 19737 W DeviceMetricsLoggerProvider: java.lang.ClassNotFoundException: com.amazon.mShop.devicemetricslogging.DeviceMetricsLoggerImpl
QDT4C18104000209 : 10-10 21:57:54.063 19737 19737 W DeviceMetricsLoggerProvider: 	at com.amazon.mShop.devicemetricslogging.utils.DeviceMetricsLoggerProvider.queryForDeviceMetricsLoggerInBuild(DeviceMetricsLoggerProvider.java:84)
QDT4C18104000209 : 10-10 21:57:54.063 19737 19737 W DeviceMetricsLoggerProvider: 	at com.amazon.mShop.devicemetricslogging.utils.DeviceMetricsLoggerProvider.<init>(DeviceMetricsLoggerProvider.java:58)
QDT4C18104000209 : 10-10 21:57:54.063 19737 19737 W DeviceMetricsLoggerProvider: 	at com.amazon.mShop.devicemetricslogging.utils.DeviceMetricsLoggerProvider.<init>(DeviceMetricsLoggerProvider.java:11)
QDT4C18104000209 : 10-10 21:57:54.063 19737 19737 W DeviceMetricsLoggerProvider: 	at com.amazon.mShop.devicemetricslogging.utils.DeviceMetricsLoggerProvider$DeviceMetricsLoggerSingletonHolder.<clinit>(DeviceMetricsLoggerProvider.java:38)
QDT4C18104000209 : 10-10 21:57:54.063 19737 19737 W DeviceMetricsLoggerProvider: 	at com.amazon.mShop.devicemetricslogging.utils.DeviceMetricsLoggerProvider$DeviceMetricsLoggerSingletonHolder.access$100(DeviceMetricsLoggerProvider.java:37)
QDT4C18104000209 : 10-10 21:57:54.063 19737 19737 W DeviceMetricsLoggerProvider: 	at com.amazon.mShop.devicemetricslogging.utils.DeviceMetricsLoggerProvider.getInstance(DeviceMetricsLoggerProvider.java:47)
QDT4C18104000209 : 10-10 21:57:54.063 19737 19737 W DeviceMetricsLoggerProvider: 	at com.amazon.mShop.devicemetricslogging.utils.DeviceMetricsLoggerUtil.getOptionalDeviceMetricsLoggerInstance(DeviceMetricsLoggerUtil.java:30)
QDT4C18104000209 : 10-10 21:57:54.063 19737 19737 W DeviceMetricsLoggerProvider: 	at com.amazon.mShop.AmazonApplication.onCreate(AmazonApplication.java:219)
QDT4C18104000209 : 10-10 21:57:54.063 19737 19737 W DeviceMetricsLoggerProvider: 	at com.amazon.mShop.MShopApplication.onCreate(MShopApplication.java:156)
QDT4C18104000209 : 10-10 21:57:54.063 19737 19737 W DeviceMetricsLoggerProvider: Caused by: java.lang.ClassNotFoundException: Didn't find class "com.amazon.mShop.devicemetricslogging.DeviceMetricsLoggerImpl" on path: DexPathList[[zip file "/system/framework/com.google.android.maps.jar", zip file "/data/app/com.amazon.mShop.android.shopping-1/base.apk"],nativeLibraryDirectories=[/data/app/com.amazon.mShop.android.shopping-1/lib/arm, /data/app/com.amazon.mShop.android.shopping-1/base.apk!/lib/armeabi-v7a, /system/lib, /vendor/lib, /system/vendor/lib, /product/lib]]
QDT4C18104000209 : 10-10 21:57:54.097 19737 19737 W Amazon  : missing associate tag : 
QDT4C18104000209 : 10-10 21:57:54.592 19737 19810 I ...ntity.auth.device.cy: Calling Package com.amazon.mShop.android.shopping to generate common info
QDT4C18104000209 : 10-10 21:57:54.628  1319  1342 I ActivityManager: Displayed com.amazon.mShop.android.shopping/com.amazon.mShop.home.HomeActivity: +1s194ms
QDT4C18104000209 : 10-10 21:57:54.669 19737 19810 I ...ntity.auth.device.hn: Current package com.amazon.mShop.android.shopping should  generate device data.
QDT4C18104000209 : 10-10 21:57:54.681 19737 19810 I ...ntity.auth.device.hn: Current package com.amazon.mShop.android.shopping should  generate device data.
QDT4C18104000209 : 10-10 21:57:54.682 19737 19878 I ...ntity.auth.device.fy: Fetching cookies from server due to [com.amazon.mShop.android.shopping], for domain www.amazon.in and associate handle null with options forceRefresh=false and with isCookiesInvalid=false haveCookiesExpired=false returnCachedCookies=true
QDT4C18104000209 : 10-10 21:57:54.682 19737 19878 I ...ntity.auth.device.fy: Cookies exchange endpoint is derived from cookies domain: www.amazon.in
QDT4C18104000209 : 10-10 21:57:54.682 19737 19878 I ...ntity.auth.device.fy: Using CookieExchangeToken URL: https://www.amazon.in:443/ap/exchangetoken/cookies
QDT4C18104000209 : 10-10 21:57:54.693 19737 19810 I ...ntity.auth.device.hn: Current package com.amazon.mShop.android.shopping should  generate device data.
QDT4C18104000209 : 10-10 21:57:54.702 19737 19810 I ...ntity.auth.device.hn: Current package com.amazon.mShop.android.shopping should  generate device data.
QDT4C18104000209 : 10-10 21:57:54.736 19737 19878 I ...ntity.auth.device.gp: Starting request to endpoint https://www.amazon.in:443/ap/exchangetoken/cookies
QDT4C18104000209 : 10-10 21:58:02.078 19737 19816 W Amazon  : missing associate tag : 
QDT4C18104000209 : 10-10 21:58:02.119 19737 19821 W Amazon  : missing associate tag : 
QDT4C18104000209 : 10-10 21:58:02.126 19737 19737 W BundleAuditor: com.amazon.mShop.home.web.MShopWebGatewayActivity starting com.amazon.mShop.sso.SigninPromptActivity [168] (android.os.Bundle) Bundle[{activity_start_time=20023714, Launch_From_Public_Url=false}]
QDT4C18104000209 : 10-10 21:58:02.515 19737 19737 I ...ntity.auth.device.gz: com.amazon.mShop.android.shopping is trying to get device type
QDT4C18104000209 : 10-10 21:58:02.590 19737 19737 W Amazon  : missing associate tag : 
QDT4C18104000209 : 10-10 21:58:02.639 19737 19756 I com.amazon.device.crashmanager.CrashDetectionHelper: Skipping crash report upload. WiFi/Ethernet is not connected AND upload over WAN is not allowed
QDT4C18104000209 : 10-10 21:58:02.673 19737 19942 I MShopGCMRegistrationIntentService: Executing GCM registration intent service for Intent { cmp=com.amazon.mShop.android.shopping/com.amazon.mShop.pushnotification.gcm.MShopGCMRegistrationOrchestrator$MShopGCMRegistrationIntentService }
QDT4C18104000209 : 10-10 21:58:02.687 19737 19737 W LatencyEventLogger: Event is already started: AmazonActivity.onCreate.getDrawer
QDT4C18104000209 : 10-10 21:58:02.758 19737 19737 W LatencyEventLogger: Event is already started: AmazonActivitygetViewAnimator.decorateContentView
QDT4C18104000209 : 10-10 21:58:02.758 19737 19737 W LatencyEventLogger: Event is already started: decorateContentView.com.amazon.mShop.amazonbooks.AmazonBooksAndroidModule$1
QDT4C18104000209 : 10-10 21:58:02.758 19737 19737 W LatencyEventLogger: Event is already started: decorateContentView.com.amazon.mShop.gno.GNODrawerDecorator
QDT4C18104000209 : 10-10 21:58:02.758 19737 19737 W LatencyEventLogger: Event is already started: decorateContentView.com.amazon.mShop.actionBar.ActionBarDecorator
QDT4C18104000209 : 10-10 21:58:02.785 19737 19737 W LatencyEventLogger: Event is already started: decorateContentView.com.amazon.mShop.lowerNaviBar.LowerNaviBarDecorator
QDT4C18104000209 : 10-10 21:58:02.785 19737 19737 W LatencyEventLogger: Event is already started: decorateContentView.com.amazon.qtips.mshop.QTipsDecoratorInitializer$1
QDT4C18104000209 : 10-10 21:58:02.786 19737 19737 W LatencyEventLogger: Event is already started: decorateContentView.com.amazon.mShop.fling.WishListBottomSheet.WishListBottomSheetContentViewDecorator
QDT4C18104000209 : 10-10 21:58:02.790 19737 19737 W LatencyEventLogger: Event is already started: decorateContentView.com.amazon.mShop.alexa.audio.ux.decorator.UXContentViewDecorator
QDT4C18104000209 : 10-10 21:58:02.797 19737 19737 W LatencyEventLogger: Event is already started: decorateContentView.com.amazon.mShop.alexa.decorator.AlexaContentViewDecorator
QDT4C18104000209 : 10-10 21:58:02.800 19737 19737 W LatencyEventLogger: Event is already started: decorateContentView.com.amazon.mShop.gno.GNONewDrawerDecorator
QDT4C18104000209 : 10-10 21:58:03.180 19737 19737 W Amazon  : Set first home call as first launch.
QDT4C18104000209 : 10-10 21:58:03.191 19737 19737 W Amazon  : missing associate tag : 
QDT4C18104000209 : 10-10 21:58:03.313  1319  1342 I ActivityManager: Displayed com.amazon.mShop.android.shopping/com.amazon.mShop.home.web.MShopWebGatewayActivity: 0 (total +1s211ms)
QDT4C18104000209 : 10-10 21:58:03.315  1319  1342 I ActivityManager: Displayed com.amazon.mShop.android.shopping/com.amazon.mShop.sso.SigninPromptActivity: +677ms
QDT4C18104000209 : 10-10 21:58:03.367 19737 19737 W Amazon  : missing associate tag : 
QDT4C18104000209 : 10-10 21:58:03.367 19737 19737 I AmazonMobileAds AmazonOOAdRegistration: Transport Layer Security enabled by default.
QDT4C18104000209 : 10-10 21:58:03.451 19737 19976 I art     : Thread[111,tid=19976,Native,Thread*=0xbd419700,peer=0x13a47280,"pool-15-thread-5"] recursive attempt to load library "/data/app/com.amazon.mShop.android.shopping-1/lib/arm/libreactnativejni.so"
QDT4C18104000209 : 10-10 21:58:03.454 19737 19737 W BundleAuditor: com.amazon.mShop.home.web.MShopWebGatewayActivity-save [9,820] (android.os.Bundle) Bundle[{android:viewHierarchyState=Bundle[{android:views={16908290=android.view.AbsSavedState$1@2ee0242, 2131689636=android.view.AbsSavedState$1@2ee0242, 2131689639=android.view.AbsSavedState$1@2ee0242, 2131689640=android.view.AbsSavedState$1@2ee0242, 2131689686=android.view.AbsSavedState$1@2ee0242, 2131689927=android.view.AbsSavedState$1@2ee0242, 2131689928=android.view.AbsSavedState$1@2ee0242, 2131689929=android.view.AbsSavedState$1@2ee0242, 2131689930=android.view.AbsSavedState$1@2ee0242, 2131689931=android.view.AbsSavedState$1@2ee0242, 2131689932=android.view.AbsSavedState$1@2ee0242, 2131689933=android.view.AbsSavedState$1@2ee0242, 2131689934=android.view.AbsSavedState$1@2ee0242, 2131689935=android.view.AbsSavedState$1@2ee0242, 2131689937=android.view.AbsSavedState$1@2ee0242, 2131689938=android.view.AbsSavedState$1@2ee0242, 2131689939=android.view.AbsSavedState$1@2ee0242, 2131689940=android.view.AbsSavedState$1@2ee0242, 2131689941=android.view.AbsSavedState$1@2ee0242, 2131689942=android.view.AbsSavedState$1@2ee0242, 2131689943=android.view.AbsSavedState$1@2ee0242, 2131689944=android.view.AbsSavedState$1@2ee0242, 2131689945=android.view.AbsSavedState$1@2ee0242, 2131690312=android.view.AbsSavedState$1@2ee0242, 2131690824=android.support.v4.widget.DrawerLayout$SavedState@5134253, 2131690827=AbsListView.SavedState{69ab790 selectedId=-9223372036854775808 firstId=-1 viewTop=0 position=0 height=1788 filter=null checkState={}}, 2131690835=android.view.AbsSavedState$1@2ee0242, 2131690836=android.view.AbsSavedState$1@2ee0242, 2131690837=android.view.AbsSavedState$1@2ee0242, 2131690838=android.view.AbsSavedState$1@2ee0242, 2131690840=android.view.AbsSavedState$1@2ee0242, 2131690841=android.view.AbsSavedState$1@2ee0242, 2131690842=android.view.AbsSavedState$1@2ee0242, 2131690843=android.view.AbsSavedState$1@2ee0242, 2131690844=android.view.AbsSavedState$1@2ee0242, 2131690845=android.view.AbsSavedState$1@2ee0242, 2131690846=AbsListView.SavedState{d2e3889 selectedId=-9223372036854775808 firstId=-1 viewTop=0 position=0 height=0 filter=null checkState={}}, 2131690847=android.view.AbsSavedState$1@2ee0242, 2131691185=Bundle[{superState=android.view.AbsSavedState$1@2ee0242, stackState=1 items
QDT4C18104000209 : 10-10 21:58:03.454 19737 19737 W BundleAuditor: }], 2131691490=android.view.AbsSavedState$1@2ee0242, 2131691491=android.view.AbsSavedState$1@2ee0242, 2131691492=android.view.AbsSavedState$1@2ee0242, 2131691493=android.view.AbsSavedState$1@2ee0242, 2131691494=TextView.SavedState{4de008e start=0 end=0 text=}, 2131691496=android.view.AbsSavedState$1@2ee0242, 2131691911=android.view.AbsSavedState$1@2ee0242}}], android:support:fragments=android.support.v4.app.FragmentManagerState@285b0af, FirstGatewayHit=true, PrevGatewayUrl=https://www.amazon.in/gp/gw/ajax/mshop.html?sub=en_IN&usecase=1a, BaseActivity.properties.session_id=com.amazon.mShop.net.SessionIdSnapshot@51bbcbc, android:fragments=android.app.FragmentManagerState@5b8d445}]
QDT4C18104000209 : 10-10 21:58:03.553 19737 20012 W unknown:ViewManagerPropertyUpdater: Could not find generated setter for class com.amazon.ace.reactnative.RNAceVideoManager
QDT4C18104000209 : 10-10 21:58:03.562 19737 20012 W unknown:ViewManagerPropertyUpdater: Could not find generated setter for class com.amazon.eucx.cloneimageview.CloneImageViewManager
QDT4C18104000209 : 10-10 21:58:03.571 19737 20012 W unknown:ViewManagerPropertyUpdater: Could not find generated setter for class com.amazon.mobile.ssnap.modules.fling.FlingRegionManager
QDT4C18104000209 : 10-10 21:58:03.676 19737 20012 W CustomClassThroughReflectionProvider: com.amazon.mShop.metrics.nexus.context.MShopRunContext not found for base interface com.amazon.client.metrics.nexus.RunContext
QDT4C18104000209 : 10-10 21:58:03.676 19737 20012 W CustomClassThroughReflectionProvider: java.lang.ClassNotFoundException: com.amazon.mShop.metrics.nexus.context.MShopRunContext
QDT4C18104000209 : 10-10 21:58:03.676 19737 20012 W CustomClassThroughReflectionProvider: 	at com.amazon.client.metrics.nexus.CustomClassThroughReflectionProvider.getCustomClass(CustomClassThroughReflectionProvider.java:87)
QDT4C18104000209 : 10-10 21:58:03.676 19737 20012 W CustomClassThroughReflectionProvider: 	at com.amazon.client.metrics.nexus.CustomClassThroughReflectionProvider.getInstance(CustomClassThroughReflectionProvider.java:69)
QDT4C18104000209 : 10-10 21:58:03.676 19737 20012 W CustomClassThroughReflectionProvider: 	at com.amazon.client.metrics.nexus.EventModule.provideRunContext(EventModule.java:75)
QDT4C18104000209 : 10-10 21:58:03.676 19737 20012 W CustomClassThroughReflectionProvider: 	at com.amazon.client.metrics.nexus.EventModule_ProvideRunContextFactory.get(EventModule_ProvideRunContextFactory.java:35)
QDT4C18104000209 : 10-10 21:58:03.676 19737 20012 W CustomClassThroughReflectionProvider: 	at com.amazon.client.metrics.nexus.EventModule_ProvideRunContextFactory.get(EventModule_ProvideRunContextFactory.java:9)
QDT4C18104000209 : 10-10 21:58:03.676 19737 20012 W CustomClassThroughReflectionProvider: 	at com.amazon.client.metrics.nexus.EventModule_ProvideDALFactoryFactory.get(EventModule_ProvideDALFactoryFactory.java:36)
QDT4C18104000209 : 10-10 21:58:03.676 19737 20012 W CustomClassThroughReflectionProvider: 	at com.amazon.client.metrics.nexus.EventModule_ProvideDALFactoryFactory.get(EventModule_ProvideDALFactoryFactory.java:8)
QDT4C18104000209 : 10-10 21:58:03.676 19737 20012 W CustomClassThroughReflectionProvider: 	at com.amazon.client.metrics.nexus.NexusEventRecorder_MembersInjector.injectMembers(NexusEventRecorder_MembersInjector.java:60)
QDT4C18104000209 : 10-10 21:58:03.676 19737 20012 W CustomClassThroughReflectionProvider: 	at com.amazon.client.metrics.nexus.NexusEventRecorder_MembersInjector.injectMembers(NexusEventRecorder_MembersInjector.java:7)
QDT4C18104000209 : 10-10 21:58:03.676 19737 20012 W CustomClassThroughReflectionProvider: 	at com.amazon.client.metrics.nexus.DaggerEventComponent.inject(DaggerEventComponent.java:177)
QDT4C18104000209 : 10-10 21:58:03.676 19737 20012 W CustomClassThroughReflectionProvider: 	at com.amazon.client.metrics.nexus.NexusEventRecorder.<init>(NexusEventRecorder.java:50)
QDT4C18104000209 : 10-10 21:58:03.676 19737 20012 W CustomClassThroughReflectionProvider: 	at com.amazon.client.metrics.nexus.NexusEventRecorder.get(NexusEventRecorder.java:85)
QDT4C18104000209 : 10-10 21:58:03.676 19737 20012 W CustomClassThroughReflectionProvider: 	at com.amazon.mShop.permission.v2.di.MShopPermissionServiceInternalModule.providesRecorderConfig(MShopPermissionServiceInternalModule.java:169)
QDT4C18104000209 : 10-10 21:58:03.676 19737 20012 W CustomClassThroughReflectionProvider: 	at com.amazon.mShop.permission.v2.di.MShopPermissionServiceInternalModule_ProvidesRecorderConfigFactory.get(MShopPermissionServiceInternalModule_ProvidesRecorderConfigFactory.java:27)
QDT4C18104000209 : 10-10 21:58:03.676 19737 20012 W CustomClassThroughReflectionProvider: 	at com.amazon.mShop.permission.v2.di.MShopPermissionServiceInternalModule_ProvidesRecorderConfigFactory.get(MShopPermissionServiceInternalModule_ProvidesRecorderConfigFactory.java:10)
QDT4C18104000209 : 10-10 21:58:03.676 19737 20012 W CustomClassThroughReflectionProvider: 	at com.amazon.mShop.permission.v2.di.MShopPermissionServiceInternalModule_ProvidesNexusMetricsManagerFactory.get(MShopPermissionServiceInternalModule_ProvidesNexusMetricsManagerFactory.java:28)
QDT4C18104000209 : 10-10 21:58:03.676 19737 20012 W CustomClassThroughReflectionProvider: 	at com.amazon.mShop.permission.v2.di.MShopPermissionServiceInternalModule_ProvidesNexusMetricsManagerFactory.get(MShopPermissionServiceInternalModule_ProvidesNexusMetricsManagerFactory.java:10)
QDT4C18104000209 : 10-10 21:58:03.676 19737 20012 W CustomClassThroughReflectionProvider: 	at com.amazon.mShop.permission.v2.util.MShopPermissionInterstitialRenderer_Factory.get(MShopPermissionInterstitialRenderer_Factory.java:53)
QDT4C18104000209 : 10-10 21:58:03.676 19737 20012 W CustomClassThroughReflectionProvider: 	at com.amazon.mShop.permission.v2.util.MShopPermissionInterstitialRenderer_Factory.get(MShopPermissionInterstitialRenderer_Factory.java:13)
QDT4C18104000209 : 10-10 21:58:03.676 19737 20012 W CustomClassThroughReflectionProvider: 	at com.amazon.mShop.permission.v2.util.PermissionInterstitialRenderer_Factory.get(PermissionInterstitialRenderer_Factory.java:31)
QDT4C18104000209 : 10-10 21:58:03.676 19737 20012 W CustomClassThroughReflectionProvider: 	at com.amazon.mShop.permission.v2.util.PermissionInterstitialRenderer_Factory.get(PermissionInterstitialRenderer_Factory.java:7)
QDT4C18104000209 : 10-10 21:58:03.676 19737 20012 W CustomClassThroughReflectionProvider: 	at com.amazon.mShop.permission.v2.state.PermissionStateMachine_Factory.get(PermissionStateMachine_Factory.java:38)
QDT4C18104000209 : 10-10 21:58:03.676 19737 20012 W CustomClassThroughReflectionProvider: 	at com.amazon.mShop.permission.v2.state.PermissionStateMachine_Factory.get(PermissionStateMachine_Factory.java:11)
QDT4C18104000209 : 10-10 21:58:03.676 19737 20012 W CustomClassThroughReflectionProvider: 	at com.amazon.mShop.permission.v2.MShopPermissionService_MembersInjector.injectMembers(MShopPermissionService_MembersInjector.java:63)
QDT4C18104000209 : 10-10 21:58:03.676 19737 20012 W CustomClassThroughReflectionProvider: 	at com.amazon.mShop.permission.v2.MShopPermissionService_MembersInjector.injectMembers(MShopPermissionService_MembersInjector.java:12)
QDT4C18104000209 : 10-10 21:58:03.677 19737 20012 W CustomClassThroughReflectionProvider: 	at com.amazon.mShop.permission.di.DaggerMShopPermissionComponent.inject(DaggerMShopPermissionComponent.java:524)
QDT4C18104000209 : 10-10 21:58:03.677 19737 20012 W CustomClassThroughReflectionProvider: 	at com.amazon.mShop.permission.v2.MShopPermissionService.<init>(MShopPermissionService.java:53)
QDT4C18104000209 : 10-10 21:58:03.677 19737 20012 W CustomClassThroughReflectionProvider: 	at com.amazon.platform.extension.internal.ExecutableCache.put(ExecutableCache.java:46)
QDT4C18104000209 : 10-10 21:58:03.677 19737 20012 W CustomClassThroughReflectionProvider: 	at com.amazon.platform.service.ServiceRegistryImpl.instantiateService(ServiceRegistryImpl.java:187)
QDT4C18104000209 : 10-10 21:58:03.677 19737 20012 W CustomClassThroughReflectionProvider: 	at com.amazon.platform.service.ServiceRegistryImpl.getService(ServiceRegistryImpl.java:170)
QDT4C18104000209 : 10-10 21:58:03.677 19737 20012 W CustomClassThroughReflectionProvider: 	at com.amazon.platform.service.ServiceRegistryImpl.getService(ServiceRegistryImpl.java:150)
QDT4C18104000209 : 10-10 21:58:03.677 19737 20012 W CustomClassThroughReflectionProvider: 	at com.amazon.platform.service.ServiceRegistryImpl.getService(ServiceRegistryImpl.java:129)
QDT4C18104000209 : 10-10 21:58:03.677 19737 20012 W CustomClassThroughReflectionProvider: 	at com.amazon.platform.service.ShopKitProvider.getService(ShopKitProvider.java:23)
QDT4C18104000209 : 10-10 21:58:03.677 19737 20012 W CustomClassThroughReflectionProvider: 	at com.amazon.mShop.permission.ssnap.InternalPermissionServiceSSNAPModule.<init>(InternalPermissionServiceSSNAPModule.java:34)
QDT4C18104000209 : 10-10 21:58:03.677 19737 20012 W CustomClassThroughReflectionProvider: 	at com.amazon.mobile.ssnap.components.MShopSsnapSharedComponentsReactPackage.createNativeModules(MShopSsnapSharedComponentsReactPackage.java:48)
QDT4C18104000209 : 10-10 21:58:03.677 19737 20012 W CustomClassThroughReflectionProvider: Caused by: java.lang.ClassNotFoundException: Didn't find class "com.amazon.mShop.metrics.nexus.context.MShopRunContext" on path: DexPathList[[zip file "/system/framework/com.google.android.maps.jar", zip file "/data/app/com.amazon.mShop.android.shopping-1/base.apk"],nativeLibraryDirectories=[/data/app/com.amazon.mShop.android.shopping-1/lib/arm, /data/app/com.amazon.mShop.android.shopping-1/base.apk!/lib/armeabi-v7a, /system/lib, /vendor/lib, /system/vendor/lib, /product/lib]]
QDT4C18104000209 : 10-10 21:58:03.679 19737 20012 I Nexus:AmazonShopping: Starting PersistentEventStorage HandlerThread
QDT4C18104000209 : 10-10 21:58:03.687 19737 20012 I Nexus:AmazonShopping: File ring not initialized, initializing
QDT4C18104000209 : 10-10 21:58:03.687 19737 20012 I Nexus:AmazonShopping: Found 0 files in ring, total size 0 bytes
QDT4C18104000209 : 10-10 21:58:03.931 19616 19616 I QueryController: Matched selector: UiSelector[INSTANCE=0, RESOURCE_ID=com.amazon.mShop.android.shopping:id/signin_to_yourAccount] <<==>> [android.view.accessibility.AccessibilityNodeInfo@8000f7b3; boundsInParent: Rect(0, 0 - 620, 81); boundsInScreen: Rect(230, 588 - 850, 669); packageName: com.amazon.mShop.android.shopping; className: android.widget.TextView; text: Sign in to your account; error: null; maxTextLength: -1; contentDescription: null; viewIdResName: com.amazon.mShop.android.shopping:id/signin_to_yourAccount; checkable: false; checked: false; focusable: false; focused: false; selected: false; clickable: false; longClickable: false; contextClickable: false; enabled: true; password: false; scrollable: false; actions: [AccessibilityAction: ACTION_SELECT - null, AccessibilityAction: ACTION_CLEAR_SELECTION - null, AccessibilityAction: ACTION_ACCESSIBILITY_FOCUS - null, AccessibilityAction: ACTION_NEXT_AT_MOVEMENT_GRANULARITY - null, AccessibilityAction: ACTION_PREVIOUS_AT_MOVEMENT_GRANULARITY - null, AccessibilityAction: ACTION_SET_SELECTION - null, AccessibilityAction: ACTION_SHOW_ON_SCREEN - null]]
QDT4C18104000209 : 10-10 21:58:03.956 19616 19616 I QueryController: Matched selector: UiSelector[INSTANCE=0, RESOURCE_ID=com.amazon.mShop.android.shopping:id/signin_to_yourAccount] <<==>> [android.view.accessibility.AccessibilityNodeInfo@8000f7b3; boundsInParent: Rect(0, 0 - 620, 81); boundsInScreen: Rect(230, 588 - 850, 669); packageName: com.amazon.mShop.android.shopping; className: android.widget.TextView; text: Sign in to your account; error: null; maxTextLength: -1; contentDescription: null; viewIdResName: com.amazon.mShop.android.shopping:id/signin_to_yourAccount; checkable: false; checked: false; focusable: false; focused: false; selected: false; clickable: false; longClickable: false; contextClickable: false; enabled: true; password: false; scrollable: false; actions: [AccessibilityAction: ACTION_SELECT - null, AccessibilityAction: ACTION_CLEAR_SELECTION - null, AccessibilityAction: ACTION_ACCESSIBILITY_FOCUS - null, AccessibilityAction: ACTION_NEXT_AT_MOVEMENT_GRANULARITY - null, AccessibilityAction: ACTION_PREVIOUS_AT_MOVEMENT_GRANULARITY - null, AccessibilityAction: ACTION_SET_SELECTION - null, AccessibilityAction: ACTION_SHOW_ON_SCREEN - null]]
QDT4C18104000209 : 10-10 21:58:03.973 19616 19616 I QueryController: Matched selector: UiSelector[INSTANCE=0, RESOURCE_ID=com.amazon.mShop.android.shopping:id/signin_to_yourAccount] <<==>> [android.view.accessibility.AccessibilityNodeInfo@8000f7b3; boundsInParent: Rect(0, 0 - 620, 81); boundsInScreen: Rect(230, 588 - 850, 669); packageName: com.amazon.mShop.android.shopping; className: android.widget.TextView; text: Sign in to your account; error: null; maxTextLength: -1; contentDescription: null; viewIdResName: com.amazon.mShop.android.shopping:id/signin_to_yourAccount; checkable: false; checked: false; focusable: false; focused: false; selected: false; clickable: false; longClickable: false; contextClickable: false; enabled: true; password: false; scrollable: false; actions: [AccessibilityAction: ACTION_SELECT - null, AccessibilityAction: ACTION_CLEAR_SELECTION - null, AccessibilityAction: ACTION_ACCESSIBILITY_FOCUS - null, AccessibilityAction: ACTION_NEXT_AT_MOVEMENT_GRANULARITY - null, AccessibilityAction: ACTION_PREVIOUS_AT_MOVEMENT_GRANULARITY - null, AccessibilityAction: ACTION_SET_SELECTION - null, AccessibilityAction: ACTION_SHOW_ON_SCREEN - null]]
QDT4C18104000209 : 10-10 21:58:03.990 19616 19616 I QueryController: Matched selector: UiSelector[INSTANCE=0, RESOURCE_ID=com.amazon.mShop.android.shopping:id/signin_to_yourAccount] <<==>> [android.view.accessibility.AccessibilityNodeInfo@8000f7b3; boundsInParent: Rect(0, 0 - 620, 81); boundsInScreen: Rect(230, 588 - 850, 669); packageName: com.amazon.mShop.android.shopping; className: android.widget.TextView; text: Sign in to your account; error: null; maxTextLength: -1; contentDescription: null; viewIdResName: com.amazon.mShop.android.shopping:id/signin_to_yourAccount; checkable: false; checked: false; focusable: false; focused: false; selected: false; clickable: false; longClickable: false; contextClickable: false; enabled: true; password: false; scrollable: false; actions: [AccessibilityAction: ACTION_SELECT - null, AccessibilityAction: ACTION_CLEAR_SELECTION - null, AccessibilityAction: ACTION_ACCESSIBILITY_FOCUS - null, AccessibilityAction: ACTION_NEXT_AT_MOVEMENT_GRANULARITY - null, AccessibilityAction: ACTION_PREVIOUS_AT_MOVEMENT_GRANULARITY - null, AccessibilityAction: ACTION_SET_SELECTION - null, AccessibilityAction: ACTION_SHOW_ON_SCREEN - null]]
QDT4C18104000209 : 10-10 21:58:04.013 19616 19616 I QueryController: Matched selector: UiSelector[INSTANCE=0, RESOURCE_ID=com.amazon.mShop.android.shopping:id/signin_to_yourAccount] <<==>> [android.view.accessibility.AccessibilityNodeInfo@8000f7b3; boundsInParent: Rect(0, 0 - 620, 81); boundsInScreen: Rect(230, 588 - 850, 669); packageName: com.amazon.mShop.android.shopping; className: android.widget.TextView; text: Sign in to your account; error: null; maxTextLength: -1; contentDescription: null; viewIdResName: com.amazon.mShop.android.shopping:id/signin_to_yourAccount; checkable: false; checked: false; focusable: false; focused: false; selected: false; clickable: false; longClickable: false; contextClickable: false; enabled: true; password: false; scrollable: false; actions: [AccessibilityAction: ACTION_SELECT - null, AccessibilityAction: ACTION_CLEAR_SELECTION - null, AccessibilityAction: ACTION_ACCESSIBILITY_FOCUS - null, AccessibilityAction: ACTION_NEXT_AT_MOVEMENT_GRANULARITY - null, AccessibilityAction: ACTION_PREVIOUS_AT_MOVEMENT_GRANULARITY - null, AccessibilityAction: ACTION_SET_SELECTION - null, AccessibilityAction: ACTION_SHOW_ON_SCREEN - null]]
QDT4C18104000209 : 10-10 21:58:04.030 19616 19616 I QueryController: Matched selector: UiSelector[INSTANCE=0, RESOURCE_ID=com.amazon.mShop.android.shopping:id/signin_to_yourAccount] <<==>> [android.view.accessibility.AccessibilityNodeInfo@8000f7b3; boundsInParent: Rect(0, 0 - 620, 81); boundsInScreen: Rect(230, 588 - 850, 669); packageName: com.amazon.mShop.android.shopping; className: android.widget.TextView; text: Sign in to your account; error: null; maxTextLength: -1; contentDescription: null; viewIdResName: com.amazon.mShop.android.shopping:id/signin_to_yourAccount; checkable: false; checked: false; focusable: false; focused: false; selected: false; clickable: false; longClickable: false; contextClickable: false; enabled: true; password: false; scrollable: false; actions: [AccessibilityAction: ACTION_SELECT - null, AccessibilityAction: ACTION_CLEAR_SELECTION - null, AccessibilityAction: ACTION_ACCESSIBILITY_FOCUS - null, AccessibilityAction: ACTION_NEXT_AT_MOVEMENT_GRANULARITY - null, AccessibilityAction: ACTION_PREVIOUS_AT_MOVEMENT_GRANULARITY - null, AccessibilityAction: ACTION_SET_SELECTION - null, AccessibilityAction: ACTION_SHOW_ON_SCREEN - null]]
QDT4C18104000209 : 10-10 21:58:04.050 19616 19616 I QueryController: Matched selector: UiSelector[INSTANCE=0, RESOURCE_ID=com.amazon.mShop.android.shopping:id/signin_to_yourAccount] <<==>> [android.view.accessibility.AccessibilityNodeInfo@8000f7b3; boundsInParent: Rect(0, 0 - 620, 81); boundsInScreen: Rect(230, 588 - 850, 669); packageName: com.amazon.mShop.android.shopping; className: android.widget.TextView; text: Sign in to your account; error: null; maxTextLength: -1; contentDescription: null; viewIdResName: com.amazon.mShop.android.shopping:id/signin_to_yourAccount; checkable: false; checked: false; focusable: false; focused: false; selected: false; clickable: false; longClickable: false; contextClickable: false; enabled: true; password: false; scrollable: false; actions: [AccessibilityAction: ACTION_SELECT - null, AccessibilityAction: ACTION_CLEAR_SELECTION - null, AccessibilityAction: ACTION_ACCESSIBILITY_FOCUS - null, AccessibilityAction: ACTION_NEXT_AT_MOVEMENT_GRANULARITY - null, AccessibilityAction: ACTION_PREVIOUS_AT_MOVEMENT_GRANULARITY - null, AccessibilityAction: ACTION_SET_SELECTION - null, AccessibilityAction: ACTION_SHOW_ON_SCREEN - null]]
QDT4C18104000209 : 10-10 21:58:04.066 19616 19616 I QueryController: Matched selector: UiSelector[INSTANCE=0, RESOURCE_ID=com.amazon.mShop.android.shopping:id/signin_to_yourAccount] <<==>> [android.view.accessibility.AccessibilityNodeInfo@8000f7b3; boundsInParent: Rect(0, 0 - 620, 81); boundsInScreen: Rect(230, 588 - 850, 669); packageName: com.amazon.mShop.android.shopping; className: android.widget.TextView; text: Sign in to your account; error: null; maxTextLength: -1; contentDescription: null; viewIdResName: com.amazon.mShop.android.shopping:id/signin_to_yourAccount; checkable: false; checked: false; focusable: false; focused: false; selected: false; clickable: false; longClickable: false; contextClickable: false; enabled: true; password: false; scrollable: false; actions: [AccessibilityAction: ACTION_SELECT - null, AccessibilityAction: ACTION_CLEAR_SELECTION - null, AccessibilityAction: ACTION_ACCESSIBILITY_FOCUS - null, AccessibilityAction: ACTION_NEXT_AT_MOVEMENT_GRANULARITY - null, AccessibilityAction: ACTION_PREVIOUS_AT_MOVEMENT_GRANULARITY - null, AccessibilityAction: ACTION_SET_SELECTION - null, AccessibilityAction: ACTION_SHOW_ON_SCREEN - null]]
QDT4C18104000209 : 10-10 21:58:04.089 19616 19616 I QueryController: Matched selector: UiSelector[INSTANCE=0, RESOURCE_ID=com.amazon.mShop.android.shopping:id/sign_in_button] <<==>> [android.view.accessibility.AccessibilityNodeInfo@800106b7; boundsInParent: Rect(0, 0 - 984, 117); boundsInScreen: Rect(48, 1038 - 1032, 1155); packageName: com.amazon.mShop.android.shopping; className: android.widget.Button; text: Already a customer? Sign in; error: null; maxTextLength: -1; contentDescription: null; viewIdResName: com.amazon.mShop.android.shopping:id/sign_in_button; checkable: false; checked: false; focusable: true; focused: false; selected: false; clickable: true; longClickable: false; contextClickable: false; enabled: true; password: false; scrollable: false; actions: [AccessibilityAction: ACTION_FOCUS - null, AccessibilityAction: ACTION_SELECT - null, AccessibilityAction: ACTION_CLEAR_SELECTION - null, AccessibilityAction: ACTION_CLICK - null, AccessibilityAction: ACTION_ACCESSIBILITY_FOCUS - null, AccessibilityAction: ACTION_NEXT_AT_MOVEMENT_GRANULARITY - null, AccessibilityAction: ACTION_PREVIOUS_AT_MOVEMENT_GRANULARITY - null, AccessibilityAction: ACTION_SET_SELECTION - null, AccessibilityAction: ACTION_SHOW_ON_SCREEN - null]]
QDT4C18104000209 : 10-10 21:58:04.103 19616 19616 I QueryController: Matched selector: UiSelector[INSTANCE=0, RESOURCE_ID=com.amazon.mShop.android.shopping:id/sign_in_button] <<==>> [android.view.accessibility.AccessibilityNodeInfo@800106b7; boundsInParent: Rect(0, 0 - 984, 117); boundsInScreen: Rect(48, 1038 - 1032, 1155); packageName: com.amazon.mShop.android.shopping; className: android.widget.Button; text: Already a customer? Sign in; error: null; maxTextLength: -1; contentDescription: null; viewIdResName: com.amazon.mShop.android.shopping:id/sign_in_button; checkable: false; checked: false; focusable: true; focused: false; selected: false; clickable: true; longClickable: false; contextClickable: false; enabled: true; password: false; scrollable: false; actions: [AccessibilityAction: ACTION_FOCUS - null, AccessibilityAction: ACTION_SELECT - null, AccessibilityAction: ACTION_CLEAR_SELECTION - null, AccessibilityAction: ACTION_CLICK - null, AccessibilityAction: ACTION_ACCESSIBILITY_FOCUS - null, AccessibilityAction: ACTION_NEXT_AT_MOVEMENT_GRANULARITY - null, AccessibilityAction: ACTION_PREVIOUS_AT_MOVEMENT_GRANULARITY - null, AccessibilityAction: ACTION_SET_SELECTION - null, AccessibilityAction: ACTION_SHOW_ON_SCREEN - null]]
QDT4C18104000209 : 10-10 21:58:04.118 19616 19616 I QueryController: Matched selector: UiSelector[INSTANCE=0, RESOURCE_ID=com.amazon.mShop.android.shopping:id/sign_in_button] <<==>> [android.view.accessibility.AccessibilityNodeInfo@800106b7; boundsInParent: Rect(0, 0 - 984, 117); boundsInScreen: Rect(48, 1038 - 1032, 1155); packageName: com.amazon.mShop.android.shopping; className: android.widget.Button; text: Already a customer? Sign in; error: null; maxTextLength: -1; contentDescription: null; viewIdResName: com.amazon.mShop.android.shopping:id/sign_in_button; checkable: false; checked: false; focusable: true; focused: false; selected: false; clickable: true; longClickable: false; contextClickable: false; enabled: true; password: false; scrollable: false; actions: [AccessibilityAction: ACTION_FOCUS - null, AccessibilityAction: ACTION_SELECT - null, AccessibilityAction: ACTION_CLEAR_SELECTION - null, AccessibilityAction: ACTION_CLICK - null, AccessibilityAction: ACTION_ACCESSIBILITY_FOCUS - null, AccessibilityAction: ACTION_NEXT_AT_MOVEMENT_GRANULARITY - null, AccessibilityAction: ACTION_PREVIOUS_AT_MOVEMENT_GRANULARITY - null, AccessibilityAction: ACTION_SET_SELECTION - null, AccessibilityAction: ACTION_SHOW_ON_SCREEN - null]]
QDT4C18104000209 : 10-10 21:58:04.133 19616 19616 I QueryController: Matched selector: UiSelector[INSTANCE=0, RESOURCE_ID=com.amazon.mShop.android.shopping:id/sign_in_button] <<==>> [android.view.accessibility.AccessibilityNodeInfo@800106b7; boundsInParent: Rect(0, 0 - 984, 117); boundsInScreen: Rect(48, 1038 - 1032, 1155); packageName: com.amazon.mShop.android.shopping; className: android.widget.Button; text: Already a customer? Sign in; error: null; maxTextLength: -1; contentDescription: null; viewIdResName: com.amazon.mShop.android.shopping:id/sign_in_button; checkable: false; checked: false; focusable: true; focused: false; selected: false; clickable: true; longClickable: false; contextClickable: false; enabled: true; password: false; scrollable: false; actions: [AccessibilityAction: ACTION_FOCUS - null, AccessibilityAction: ACTION_SELECT - null, AccessibilityAction: ACTION_CLEAR_SELECTION - null, AccessibilityAction: ACTION_CLICK - null, AccessibilityAction: ACTION_ACCESSIBILITY_FOCUS - null, AccessibilityAction: ACTION_NEXT_AT_MOVEMENT_GRANULARITY - null, AccessibilityAction: ACTION_PREVIOUS_AT_MOVEMENT_GRANULARITY - null, AccessibilityAction: ACTION_SET_SELECTION - null, AccessibilityAction: ACTION_SHOW_ON_SCREEN - null]]
QDT4C18104000209 : 10-10 21:58:04.351 19737 19737 I WechatPayDelegate: java.lang.ClassNotFoundException: cn.amazon.mShop.android.wxapi.WechatPayDelegate
QDT4C18104000209 : 10-10 21:58:04.351 19737 19737 I WechatPayDelegate: 	at com.amazon.mShop.payment.wechatpay.WechatPayDelegate.isFeatureAvailableInBuild(WechatPayDelegate.java:29)
QDT4C18104000209 : 10-10 21:58:04.351 19737 19737 I WechatPayDelegate: 	at com.amazon.mShop.payment.wechatpay.WechatPayDelegate.isAvailable(WechatPayDelegate.java:42)
QDT4C18104000209 : 10-10 21:58:04.351 19737 19737 I WechatPayDelegate: 	at com.amazon.mShop.payment.wechatpay.WechatPayDelegate.isWeChatInstalled(WechatPayDelegate.java:48)
QDT4C18104000209 : 10-10 21:58:04.351 19737 19737 I WechatPayDelegate: 	at com.amazon.mShop.sso.thirdparty.ThirdPartyLoginUtil.isWeChatSupportNeeded(ThirdPartyLoginUtil.java:40)
QDT4C18104000209 : 10-10 21:58:04.351 19737 19737 I WechatPayDelegate: 	at com.amazon.mShop.sso.thirdparty.ThirdPartyLoginUtil.getAssociationHandle(ThirdPartyLoginUtil.java:59)
QDT4C18104000209 : 10-10 21:58:04.351 19737 19737 I WechatPayDelegate: 	at com.amazon.mShop.sso.SSOLoginHelper.getAuthOptionsParamBundle(SSOLoginHelper.java:177)
QDT4C18104000209 : 10-10 21:58:04.351 19737 19737 I WechatPayDelegate: 	at com.amazon.mShop.sso.DistributedSSOLoginActivity.getRegistrationOptions(DistributedSSOLoginActivity.java:90)
QDT4C18104000209 : 10-10 21:58:04.351 19737 19737 I WechatPayDelegate: 	at com.amazon.mShop.sso.DistributedSSOLoginActivity.forceRegistration(DistributedSSOLoginActivity.java:211)
QDT4C18104000209 : 10-10 21:58:04.351 19737 19737 I WechatPayDelegate: 	at com.amazon.mShop.sso.DistributedSSOLoginActivity.distributeLogin(DistributedSSOLoginActivity.java:286)
QDT4C18104000209 : 10-10 21:58:04.351 19737 19737 I WechatPayDelegate: 	at com.amazon.mShop.sso.DistributedSSOLoginActivity.onCreate(DistributedSSOLoginActivity.java:77)
QDT4C18104000209 : 10-10 21:58:04.351 19737 19737 I WechatPayDelegate: Caused by: java.lang.ClassNotFoundException: Didn't find class "cn.amazon.mShop.android.wxapi.WechatPayDelegate" on path: DexPathList[[zip file "/system/framework/com.google.android.maps.jar", zip file "/data/app/com.amazon.mShop.android.shopping-1/base.apk"],nativeLibraryDirectories=[/data/app/com.amazon.mShop.android.shopping-1/lib/arm, /data/app/com.amazon.mShop.android.shopping-1/base.apk!/lib/armeabi-v7a, /system/lib, /vendor/lib, /system/vendor/lib, /product/lib]]
QDT4C18104000209 : 10-10 21:58:04.364 19737 19737 I ...ntity.auth.device.gt: Cannot find amazon authenticator. returning null
QDT4C18104000209 : 10-10 21:58:04.364 19737 19737 I ...ntity.auth.device.gt: Cannot find amazon authenticator. returning null
QDT4C18104000209 : 10-10 21:58:04.370 19737 19737 W BundleAuditor: com.amazon.mShop.sso.DistributedSSOLoginActivity starting com.amazon.identity.auth.device.AuthPortalUIActivity [1,200] (android.os.Bundle) Bundle[{activity_start_time=20025958, traceId=19737005, progressbar_state=spinner_medium, apiName=RegisterAccountWithUI:WebviewSignin, callback=com.amazon.identity.auth.device.callback.RemoteCallbackWrapper@933b64a, com.amazon.identity.ap.domain=www.amazon.in, com.amazon.dcp.sso.AddAccount.options.AddAsSecondary=true, requestType=SIGN_IN, com.amazon.identity.ap.request.parameters=Bundle[{pageId=amzn_mshop_android_v2_in, openid.assoc_handle=amzn_mshop_android_v2_in}], progressbar_position=center_center, isCallbackFrom3pLogin=false}]
QDT4C18104000209 : 10-10 21:58:04.459 19737 19737 I ...AuthPortalUIActivity: Login webview called in package com.amazon.mShop.android.shopping by package null
QDT4C18104000209 : 10-10 21:58:04.462 19737 19737 I ...ping/SecurityHelpers: Android System called activity com.amazon.identity.auth.device.AuthPortalUIActivity in package com.amazon.mShop.android.shopping
QDT4C18104000209 : 10-10 21:58:04.466 19737 19737 I ...dpoint.OpenIdRequest: AuthPortal Host: www.amazon.in
QDT4C18104000209 : 10-10 21:58:04.507 19737 19737 I com.amazon.identity.frc.FrcCookiesManager: Start generating frc cookies
QDT4C18104000209 : 10-10 21:58:04.517 19737 19737 W com.amazon.identity.frc.FrcCookiesManager: Cannot read the phone state on this device, mainly because the client app lacks the permission
QDT4C18104000209 : 10-10 21:58:04.539 19737 19737 I com.amazon.identity.frc.FrcCookiesManager: Finish generating frc cookies.
QDT4C18104000209 : 10-10 21:58:04.640  1319  1342 I ActivityManager: Displayed com.amazon.mShop.android.shopping/com.amazon.mShop.sso.DistributedSSOLoginActivity: 0 (total +336ms)
QDT4C18104000209 : 10-10 21:58:04.640  1319  1342 I ActivityManager: Displayed com.amazon.mShop.android.shopping/com.amazon.identity.auth.device.AuthPortalUIActivity: +205ms
QDT4C18104000209 : 10-10 21:58:04.770 19737 19737 W BundleAuditor: com.amazon.mShop.sso.DistributedSSOLoginActivity-save [924] (android.os.Bundle) Bundle[{android:viewHierarchyState=Bundle[{android:views={16908290=android.view.AbsSavedState$1@2ee0242}}], BaseActivity.properties.session_id=com.amazon.mShop.net.SessionIdSnapshot@a5adab9, android:fragments=android.app.FragmentManagerState@b69aefe}]
QDT4C18104000209 : 10-10 21:58:04.774 19737 19737 W BundleAuditor: com.amazon.mShop.sso.SigninPromptActivity-save [7,040] (android.os.Bundle) Bundle[{android:viewHierarchyState=Bundle[{android:views={16908290=android.view.AbsSavedState$1@2ee0242, 2131689636=android.view.AbsSavedState$1@2ee0242, 2131689639=android.view.AbsSavedState$1@2ee0242, 2131689640=android.view.AbsSavedState$1@2ee0242, 2131689927=android.view.AbsSavedState$1@2ee0242, 2131689928=android.view.AbsSavedState$1@2ee0242, 2131689929=android.view.AbsSavedState$1@2ee0242, 2131689930=android.view.AbsSavedState$1@2ee0242, 2131689931=android.view.AbsSavedState$1@2ee0242, 2131689932=android.view.AbsSavedState$1@2ee0242, 2131689933=android.view.AbsSavedState$1@2ee0242, 2131689934=android.view.AbsSavedState$1@2ee0242, 2131689935=android.view.AbsSavedState$1@2ee0242, 2131689937=android.view.AbsSavedState$1@2ee0242, 2131689938=android.view.AbsSavedState$1@2ee0242, 2131689939=android.view.AbsSavedState$1@2ee0242, 2131689940=android.view.AbsSavedState$1@2ee0242, 2131689941=android.view.AbsSavedState$1@2ee0242, 2131689942=android.view.AbsSavedState$1@2ee0242, 2131689943=android.view.AbsSavedState$1@2ee0242, 2131689944=android.view.AbsSavedState$1@2ee0242, 2131689945=android.view.AbsSavedState$1@2ee0242, 2131690312=android.view.AbsSavedState$1@2ee0242, 2131690824=android.support.v4.widget.DrawerLayout$SavedState@5c5165f, 2131690827=AbsListView.SavedState{e35a8ac selectedId=-9223372036854775808 firstId=-1 viewTop=0 position=0 height=1788 filter=null checkState={}}, 2131690835=android.view.AbsSavedState$1@2ee0242, 2131690836=android.view.AbsSavedState$1@2ee0242, 2131690837=android.view.AbsSavedState$1@2ee0242, 2131690838=android.view.AbsSavedState$1@2ee0242, 2131690840=android.view.AbsSavedState$1@2ee0242, 2131690841=android.view.AbsSavedState$1@2ee0242, 2131690842=android.view.AbsSavedState$1@2ee0242, 2131690843=android.view.AbsSavedState$1@2ee0242, 2131690844=android.view.AbsSavedState$1@2ee0242, 2131690845=android.view.AbsSavedState$1@2ee0242, 2131690846=AbsListView.SavedState{7456975 selectedId=-9223372036854775808 firstId=-1 viewTop=0 position=0 height=0 filter=null checkState={}}, 2131690847=android.view.AbsSavedState$1@2ee0242, 2131690912=android.view.AbsSavedState$1@2ee0242, 2131691490=android.view.AbsSavedState$1@2ee0242, 2131691491=android.view.AbsSavedState$1@2ee0242, 2131691492=android.view.AbsSavedState$1@2ee0242, 2131691493=android.view.AbsSavedState$1@2ee0242, 2131691494=TextView.SavedState{42dbd0a start=0 end=0 text=}, 2131691496=android.view.AbsSavedState$1@2ee0242, 2131691592=android.view.AbsSavedState$1@2ee0242, 2131691593=android.view.AbsSavedState$1@2ee0242, 2131691594=android.view.AbsSavedState$1@2ee0242, 2131691595=android.view.AbsSavedState$1@2ee0242, 2131691596=android.view.AbsSavedState$1@2ee0242, 2131691597=android.view.AbsSavedState$1@2ee0242, 2131691598=android.view.AbsSavedState$1@2ee0242, 2131691599=android.view.AbsSavedState$1@2ee0242, 2131691600=android.view.AbsSavedState$1@2ee0242, 2131691911=android.view.AbsSavedState$1@2ee0242}, android:focusedViewId=2131690824}], android:support:fragments=android.support.v4.app.FragmentManagerState@6ceb97b, BaseActivity.properties.session_id=com.amazon.mShop.net.SessionIdSnapshot@2aaa398, android:fragments=android.app.FragmentManagerState@1027f1}]
QDT4C18104000209 : 10-10 21:58:07.296  1319  1319 I HwPFWLogger: AutoStartupDataMgr:isWhiteStartupRequest: allow com.amazon.mShop.android.shopping to be started by 1000
QDT4C18104000209 : 10-10 21:58:10.933 19737 19757 W Amazon  : missing associate tag : 
QDT4C18104000209 : 10-10 21:58:10.934 19737 19757 W Amazon  : missing build beta name
QDT4C18104000209 : 10-10 21:58:13.142  2991  3114 I HwLauncher: SimpleAllAppsList  updatePackage : package[com.amazon.mShop.android.shopping] matched activity's size is 1 and data List size is 0
QDT4C18104000209 : 10-10 21:58:13.151  2991  3114 I HwLauncher: SimpleAllAppsList  findAndUpdateInfoInDB : found 0 shortcutInfo for package[com.amazon.mShop.android.shopping] in db
QDT4C18104000209 : 10-10 21:58:13.151  2991  3114 I HwLauncher: SimpleAllAppsList  updatePackage do not add new SimpleApplicationInfo,It's in normal now. package = com.amazon.mShop.android.shopping
